#----------------------------------------------------------------
#    Intel(R) MPI Benchmarks 2021.8, MPI-1 part
#----------------------------------------------------------------
# Date                  : Wed Apr 23 09:39:14 2025
# Machine               : x86_64
# System                : Linux
# Release               : 4.18.0-425.13.1.el8_7.x86_64
# Version               : #1 SMP Tue Feb 21 19:25:54 UTC 2023
# MPI Version           : 3.1
# MPI Thread Environment: 


# Calling sequence was: 

# IMB-MPI1 Uniband 

# Minimum message length in bytes:   0
# Maximum message length in bytes:   4194304
#
# MPI_Datatype                   :   MPI_BYTE 
# MPI_Datatype for reductions    :   MPI_FLOAT 
# MPI_Op                         :   MPI_SUM  
# 
# 

# List of Benchmarks to run:

# Uniband

#---------------------------------------------------
# Benchmarking Uniband 
# #processes = 2 
#---------------------------------------------------
       #bytes #repetitions   Mbytes/sec      Msg/sec
            0         1000         0.00      7816447
            1         1000         7.73      7727743
            2         1000        15.45      7724010
            4         1000        30.99      7748234
            8         1000        61.93      7741194
           16         1000       123.91      7744614
           32         1000       247.13      7722933
           64         1000       489.31      7645535
          128         1000       971.90      7593003
          256         1000      1930.54      7541172
          512         1000      2259.98      4414019
         1024         1000      3777.40      3688865
         2048         1000      6527.28      3187149
         4096         1000      9740.67      2378093
         8192         1000      8444.34      1030803
        16384         1000     13438.29       820208
        32768         1000     17002.96       518889
        65536          640     21724.59       331491
       131072          320     25582.78       195181
       262144          160     28073.31       107091
       524288           80     29558.89        56379
      1048576           40     16105.95        15360
      2097152           20     15852.68         7559
      4194304           10     14836.82         3537


# All processes entering MPI_Finalize

